<?xml version="1.0" encoding="UTF-8"?>
<testng-results skipped="0" failed="0" ignored="0" total="1" passed="1">
  <reporter-output>
  </reporter-output>
  <suite name="Default suite" duration-ms="5841" started-at="2018-07-23T12:59:31Z" finished-at="2018-07-23T12:59:37Z">
    <groups>
    </groups>
    <test name="Default test" duration-ms="5841" started-at="2018-07-23T12:59:31Z" finished-at="2018-07-23T12:59:37Z">
      <class name="by.htp.belavia.tests.SearchForFlight">
        <test-method status="PASS" signature="setUpDriver()[pri:0, instance:by.htp.belavia.tests.SearchForFlight@4cc0edeb]" name="setUpDriver" is-config="true" duration-ms="4917" started-at="2018-07-23T15:59:26Z" finished-at="2018-07-23T15:59:31Z">
          <reporter-output>
          </reporter-output>
        </test-method> <!-- setUpDriver -->
        <test-method status="PASS" signature="searchOneWayTicketToRiga()[pri:0, instance:by.htp.belavia.tests.SearchForFlight@4cc0edeb]" name="searchOneWayTicketToRiga" duration-ms="5802" started-at="2018-07-23T15:59:31Z" finished-at="2018-07-23T15:59:37Z">
          <reporter-output>
          </reporter-output>
        </test-method> <!-- searchOneWayTicketToRiga -->
        <test-method status="PASS" signature="closeDriver()[pri:0, instance:by.htp.belavia.tests.SearchForFlight@4cc0edeb]" name="closeDriver" is-config="true" duration-ms="896" started-at="2018-07-23T15:59:37Z" finished-at="2018-07-23T15:59:38Z">
          <reporter-output>
          </reporter-output>
        </test-method> <!-- closeDriver -->
      </class> <!-- by.htp.belavia.tests.SearchForFlight -->
    </test> <!-- Default test -->
  </suite> <!-- Default suite -->
</testng-results>
